#
# A fatal error has been detected by the Java Runtime Environment:
#
#  EXCEPTION_ACCESS_VIOLATION (0xc0000005) at pc=0x00007fff88721ced, pid=4556, tid=5736
#
# JRE version: OpenJDK Runtime Environment Temurin-17.0.10+7 (17.0.10+7) (build 17.0.10+7)
# Java VM: OpenJDK 64-Bit Server VM Temurin-17.0.10+7 (17.0.10+7, mixed mode, sharing, tiered, compressed oops, compressed class ptrs, g1 gc, windows-amd64)
# Problematic frame:
# C  [glfw.dll+0x1ced]
#
# No core dump will be written. Minidumps are not enabled by default on client versions of Windows
#
# If you would like to submit a bug report, please visit:
#   https://github.com/adoptium/adoptium-support/issues
# The crash happened outside the Java Virtual Machine in native code.
# See problematic frame for where to report the bug.
#

---------------  S U M M A R Y ------------

Command Line: -Dfile.encoding=windows-1252 -Duser.country=US -Duser.language=en -Duser.variant Main

Host: 11th Gen Intel(R) Core(TM) i5-1135G7 @ 2.40GHz, 8 cores, 7G,  Windows 11 , 64 bit Build 22621 (10.0.22621.3958)
Time: Mon Aug 26 16:08:47 2024 Taipei Standard Time elapsed time: 0.280902 seconds (0d 0h 0m 0s)

---------------  T H R E A D  ---------------

Current thread (0x0000026607a1d080):  JavaThread "main" [_thread_in_native, id=5736, stack(0x0000008473d00000,0x0000008473e00000)]

Stack: [0x0000008473d00000,0x0000008473e00000],  sp=0x0000008473dff220,  free space=1020k
Native frames: (J=compiled Java code, j=interpreted, Vv=VM code, C=native code)
C  [glfw.dll+0x1ced]

Java frames: (J=compiled Java code, j=interpreted, Vv=VM code)
j  org.lwjgl.system.JNI.invokePV(JJ)V+0
j  org.lwjgl.glfw.GLFW.glfwSwapBuffers(J)V+17
j  Rem.Window.init()V+95
j  Rem.Window.run()V+15
j  Main.main([Ljava/lang/String;)V+5
v  ~StubRoutines::call_stub

siginfo: EXCEPTION_ACCESS_VIOLATION (0xc0000005), reading address 0x0000000000000219


Registers:
RAX=0x00007fff893d1320, RBX=0x00000266674bf068, RCX=0x0000000000000001, RDX=0x0000008473dff2e8
RSP=0x0000008473dff220, RBP=0x0000008473dff2d8, RSI=0x0000000000000000, RDI=0x0000026616a794fe
R8 =0x0000000000000001, R9 =0x00007fff88721ce0, R10=0x0000026616a7d5f2, R11=0x000000008b721eb0
R12=0x0000000000000000, R13=0x00000266674bf068, R14=0x0000008473dff310, R15=0x0000026607a1d080
RIP=0x00007fff88721ced, EFLAGS=0x0000000000010202


Register to memory mapping:

RIP=0x00007fff88721ced glfw.dll
RAX=0x00007fff893d1320 lwjgl.dll
RBX={method} {0x00000266674bf070} 'invokePV' '(JJ)V' in 'org/lwjgl/system/JNI'
RCX=0x0000000000000001 is an unknown value
RDX=0x0000008473dff2e8 is pointing into the stack for thread: 0x0000026607a1d080
RSP=0x0000008473dff220 is pointing into the stack for thread: 0x0000026607a1d080
RBP=0x0000008473dff2d8 is pointing into the stack for thread: 0x0000026607a1d080
RSI=0x0 is NULL
RDI=0x0000026616a794fe is at code_begin+1118 in an Interpreter codelet
return entry points  [0x0000026616a790a0, 0x0000026616a79ba0]  2816 bytes
R8 =0x0000000000000001 is an unknown value
R9 =0x00007fff88721ce0 glfw.dll
R10=0x0000026616a7d5f2 is at code_begin+946 in an Interpreter codelet
method entry point (kind = native)  [0x0000026616a7d240, 0x0000026616a7dbc0]  2432 bytes
R11=0x000000008b721eb0 is an oop: java.lang.Class 
{0x000000008b721eb0} - klass: 'java/lang/Class'
 - ---- fields (total size 14 words):
 - private volatile transient 'classRedefinedCount' 'I' @12  0
 - private volatile transient 'cachedConstructor' 'Ljava/lang/reflect/Constructor;' @40  NULL (0)
 - private transient 'name' 'Ljava/lang/String;' @44  "org.lwjgl.system.JNI"{0x000000008b721f30} (8b721f30)
 - private transient 'module' 'Ljava/lang/Module;' @48  a 'java/lang/Module'{0x000000008bd6c7b8} (8bd6c7b8)
 - private final 'classLoader' 'Ljava/lang/ClassLoader;' @52  a 'jdk/internal/loader/ClassLoaders$AppClassLoader'{0x000000008bd6c5f8} (8bd6c5f8)
 - private transient 'classData' 'Ljava/lang/Object;' @56  NULL (0)
 - private transient 'packageName' 'Ljava/lang/String;' @60  "org.lwjgl.system"{0x000000008bb6f018} (8bb6f018)
 - private final 'componentType' 'Ljava/lang/Class;' @64  NULL (0)
 - private volatile transient 'reflectionData' 'Ljava/lang/ref/SoftReference;' @68  NULL (0)
 - private volatile transient 'genericInfo' 'Lsun/reflect/generics/repository/ClassRepository;' @72  NULL (0)
 - private volatile transient 'enumConstants' '[Ljava/lang/Object;' @76  NULL (0)
 - private volatile transient 'enumConstantDirectory' 'Ljava/util/Map;' @80  NULL (0)
 - private volatile transient 'annotationData' 'Ljava/lang/Class$AnnotationData;' @84  NULL (0)
 - private volatile transient 'annotationType' 'Lsun/reflect/annotation/AnnotationType;' @88  NULL (0)
 - transient 'classValueMap' 'Ljava/lang/ClassValue$ClassValueMap;' @92  NULL (0)
 - signature: Lorg/lwjgl/system/JNI;
 - fake entry for mirror: 'org/lwjgl/system/JNI'
 - fake entry for array: NULL
 - fake entry for oop_size: 14
 - fake entry for static_oop_field_count: 0
R12=0x0 is NULL
R13={method} {0x00000266674bf070} 'invokePV' '(JJ)V' in 'org/lwjgl/system/JNI'
R14=0x0000008473dff310 is pointing into the stack for thread: 0x0000026607a1d080
R15=0x0000026607a1d080 is a thread


Top of Stack: (sp=0x0000008473dff220)
0x0000008473dff220:   0000000000000000 00007fff5d543599
0x0000008473dff230:   0000026607a1d080 00007fff5d5434e7
0x0000008473dff240:   00000266674f4300 0000026616a7d621
0x0000008473dff250:   0000000000000000 0000000000000000
0x0000008473dff260:   0000026616a794fe 00007fff5d53c93e
0x0000008473dff270:   3ff0000000000000 0000026607a1d080
0x0000008473dff280:   0000000000000000 0000026616a7d2f6
0x0000008473dff290:   0000008473dff290 0000000000000000
0x0000008473dff2a0:   0000008473dff310 00000266674f3908
0x0000008473dff2b0:   0000000000000000 000000008b721eb0
0x0000008473dff2c0:   00000266674bf068 0000000000000000
0x0000008473dff2d0:   0000008473dff2f8 0000008473dff360
0x0000008473dff2e0:   0000026616a794fe 000000008b721eb0
0x0000008473dff2f0:   0000026616a7af78 00007fff88721ce0
0x0000008473dff300:   0000000000000000 0000000000000001
0x0000008473dff310:   0000000000000000 0000008473dff318
0x0000008473dff320:   0000026667499cd1 0000008473dff388
0x0000008473dff330:   00000266674a0000 0000000000000000
0x0000008473dff340:   000000008b89ddc0 0000026667499d00
0x0000008473dff350:   0000008473dff2f8 0000008473dff380
0x0000008473dff360:   0000008473dff3d8 0000026616a794fe
0x0000008473dff370:   00007fff88721ce0 0000000000000000
0x0000008473dff380:   0000000000000001 0000000000000000
0x0000008473dff390:   0000008473dff390 0000026667400d5f
0x0000008473dff3a0:   0000008473dff3e8 0000026667400f90
0x0000008473dff3b0:   0000000000000000 000000008bc16608
0x0000008473dff3c0:   0000026667400d90 0000008473dff380
0x0000008473dff3d0:   0000008473dff3e8 0000008473dff438
0x0000008473dff3e0:   0000026616a794fe 000000008bc16e68
0x0000008473dff3f0:   0000008473dff3f0 0000026667400c57
0x0000008473dff400:   0000008473dff448 0000026667400f90
0x0000008473dff410:   0000000000000000 000000008bc16608 

Instructions: (pc=0x00007fff88721ced)
0x00007fff88721bed:   31 f6 48 8b 4c 24 28 48 31 e1 e8 24 45 01 00 89
0x00007fff88721bfd:   f0 48 83 c4 30 5b 5f 5e 41 5e 41 5f c3 be 01 00
0x00007fff88721c0d:   00 00 eb de cc cc cc cc cc cc cc cc cc cc cc cc
0x00007fff88721c1d:   cc cc cc 41 57 41 56 56 57 53 48 83 ec 20 48 89
0x00007fff88721c2d:   d3 48 89 cf 48 89 d1 48 89 fa e8 d4 57 01 00 31
0x00007fff88721c3d:   f6 48 85 c0 74 51 49 89 c7 48 89 f9 e8 72 f8 01
0x00007fff88721c4d:   00 49 89 c6 eb 27 66 66 66 66 2e 0f 1f 84 00 00
0x00007fff88721c5d:   00 00 00 0f b6 03 a8 df 74 28 48 89 d9 48 89 fa
0x00007fff88721c6d:   e8 9e 57 01 00 49 89 c7 48 85 c0 74 1a 48 89 d8
0x00007fff88721c7d:   4b 8d 1c 37 49 39 c7 74 da 41 80 7f ff 20 74 d3
0x00007fff88721c8d:   eb d8 be 01 00 00 00 89 f0 48 83 c4 20 5b 5f 5e
0x00007fff88721c9d:   41 5e 41 5f c3 cc cc cc cc cc cc cc cc cc cc cc
0x00007fff88721cad:   cc cc cc 48 83 ec 28 83 3d 0d 5a 07 00 00 74 10
0x00007fff88721cbd:   48 8d 0d d8 73 07 00 48 83 c4 28 e9 43 97 00 00
0x00007fff88721ccd:   b9 01 00 01 00 31 d2 e8 b7 02 00 00 31 c0 48 83
0x00007fff88721cdd:   c4 28 c3 48 83 ec 28 83 3d dd 59 07 00 00 74 14
0x00007fff88721ced:   83 b9 18 02 00 00 00 74 14 48 83 c4 28 48 ff a1
0x00007fff88721cfd:   68 02 00 00 b9 01 00 01 00 31 d2 eb 0c 48 8d 15
0x00007fff88721d0d:   0e 86 03 00 b9 0a 00 01 00 e8 75 02 00 00 90 48
0x00007fff88721d1d:   83 c4 28 c3 cc cc cc cc cc cc cc cc cc cc cc cc
0x00007fff88721d2d:   cc cc cc 56 48 83 ec 20 83 3d 8c 59 07 00 00 74
0x00007fff88721d3d:   21 89 ce 48 8d 0d 55 73 07 00 e8 c4 96 00 00 48
0x00007fff88721d4d:   85 c0 74 17 89 f1 48 83 c4 20 5e 48 ff a0 70 02
0x00007fff88721d5d:   00 00 b9 01 00 01 00 31 d2 eb 0c 48 8d 15 1f 85
0x00007fff88721d6d:   03 00 b9 02 00 01 00 e8 17 02 00 00 90 48 83 c4
0x00007fff88721d7d:   20 5e c3 56 48 83 ec 20 83 3d 3c 59 07 00 00 74
0x00007fff88721d8d:   23 48 89 ce 48 8d 0d 04 73 07 00 e8 73 96 00 00
0x00007fff88721d9d:   48 85 c0 74 18 48 89 f1 48 83 c4 20 5e 48 ff a0
0x00007fff88721dad:   80 02 00 00 b9 01 00 01 00 31 d2 eb 0c 48 8d 15
0x00007fff88721dbd:   41 84 03 00 b9 02 00 01 00 e8 c5 01 00 00 31 c0
0x00007fff88721dcd:   48 83 c4 20 5e c3 cc cc cc cc cc cc cc cc cc cc
0x00007fff88721ddd:   cc cc cc 48 8d 05 d9 58 07 00 c3 cc cc cc cc cc 


Stack slot to memory mapping:
stack at sp + 0 slots: 0x0 is NULL
stack at sp + 1 slots: 0x00007fff5d543599 jvm.dll
stack at sp + 2 slots: 0x0000026607a1d080 is a thread
stack at sp + 3 slots: 0x00007fff5d5434e7 jvm.dll
stack at sp + 4 slots: 0x00000266674f4300 is pointing into metadata
stack at sp + 5 slots: 0x0000026616a7d621 is at code_begin+993 in an Interpreter codelet
method entry point (kind = native)  [0x0000026616a7d240, 0x0000026616a7dbc0]  2432 bytes
stack at sp + 6 slots: 0x0 is NULL
stack at sp + 7 slots: 0x0 is NULL


---------------  P R O C E S S  ---------------

Threads class SMR info:
_java_thread_list=0x000002666b530f70, length=13, elements={
0x0000026607a1d080, 0x0000026625c342e0, 0x0000026625c34ca0, 0x0000026625c4b4e0,
0x0000026625c4bdb0, 0x0000026625c4e780, 0x0000026625c4f140, 0x0000026625c4fee0,
0x0000026625c51130, 0x0000026625c53750, 0x000002666b0e7340, 0x000002666b0f26c0,
0x000002666b5310c0
}

Java Threads: ( => current thread )
=>0x0000026607a1d080 JavaThread "main" [_thread_in_native, id=5736, stack(0x0000008473d00000,0x0000008473e00000)]
  0x0000026625c342e0 JavaThread "Reference Handler" daemon [_thread_blocked, id=12308, stack(0x0000008474400000,0x0000008474500000)]
  0x0000026625c34ca0 JavaThread "Finalizer" daemon [_thread_blocked, id=2432, stack(0x0000008474500000,0x0000008474600000)]
  0x0000026625c4b4e0 JavaThread "Signal Dispatcher" daemon [_thread_blocked, id=1248, stack(0x0000008474600000,0x0000008474700000)]
  0x0000026625c4bdb0 JavaThread "Attach Listener" daemon [_thread_blocked, id=12080, stack(0x0000008474700000,0x0000008474800000)]
  0x0000026625c4e780 JavaThread "Service Thread" daemon [_thread_blocked, id=13372, stack(0x0000008474800000,0x0000008474900000)]
  0x0000026625c4f140 JavaThread "Monitor Deflation Thread" daemon [_thread_blocked, id=3528, stack(0x0000008474900000,0x0000008474a00000)]
  0x0000026625c4fee0 JavaThread "C2 CompilerThread0" daemon [_thread_blocked, id=1832, stack(0x0000008474a00000,0x0000008474b00000)]
  0x0000026625c51130 JavaThread "C1 CompilerThread0" daemon [_thread_blocked, id=4612, stack(0x0000008474b00000,0x0000008474c00000)]
  0x0000026625c53750 JavaThread "Sweeper thread" daemon [_thread_blocked, id=9820, stack(0x0000008474c00000,0x0000008474d00000)]
  0x000002666b0e7340 JavaThread "Notification Thread" daemon [_thread_blocked, id=7028, stack(0x0000008474d00000,0x0000008474e00000)]
  0x000002666b0f26c0 JavaThread "Common-Cleaner" daemon [_thread_blocked, id=10468, stack(0x0000008474f00000,0x0000008475000000)]
  0x000002666b5310c0 JavaThread "C2 CompilerThread1" daemon [_thread_blocked, id=5156, stack(0x0000008475000000,0x0000008475100000)]

Other Threads:
  0x0000026625c2c380 VMThread "VM Thread" [stack: 0x0000008474300000,0x0000008474400000] [id=7016]
  0x000002666b0e7c30 WatcherThread [stack: 0x0000008474e00000,0x0000008474f00000] [id=3796]
  0x0000026607a7b0a0 GCTaskThread "GC Thread#0" [stack: 0x0000008473e00000,0x0000008473f00000] [id=2628]
  0x0000026607a8b7b0 ConcurrentGCThread "G1 Main Marker" [stack: 0x0000008473f00000,0x0000008474000000] [id=4832]
  0x0000026607a8c1d0 ConcurrentGCThread "G1 Conc#0" [stack: 0x0000008474000000,0x0000008474100000] [id=13188]
  0x0000026607acec80 ConcurrentGCThread "G1 Refine#0" [stack: 0x0000008474100000,0x0000008474200000] [id=4368]
  0x0000026625ad8840 ConcurrentGCThread "G1 Service" [stack: 0x0000008474200000,0x0000008474300000] [id=6136]

Threads with active compile tasks:

VM state: not at safepoint (normal execution)

VM Mutex/Monitor currently owned by a thread: None

Heap address: 0x0000000084200000, size: 1982 MB, Compressed Oops mode: 32-bit

CDS archive(s) mapped at: [0x0000026626000000-0x0000026626bb0000-0x0000026626bb0000), size 12255232, SharedBaseAddress: 0x0000026626000000, ArchiveRelocationMode: 1.
Compressed class space mapped at: 0x0000026627000000-0x0000026667000000, reserved size: 1073741824
Narrow klass base: 0x0000026626000000, Narrow klass shift: 0, Narrow klass range: 0x100000000

GC Precious Log:
 CPUs: 8 total, 8 available
 Memory: 7920M
 Large Page Support: Disabled
 NUMA Support: Disabled
 Compressed Oops: Enabled (32-bit)
 Heap Region Size: 1M
 Heap Min Capacity: 8M
 Heap Initial Capacity: 124M
 Heap Max Capacity: 1982M
 Pre-touch: Disabled
 Parallel Workers: 8
 Concurrent Workers: 2
 Concurrent Refinement Workers: 8
 Periodic GC: Disabled

Heap:
 garbage-first heap   total 126976K, used 6144K [0x0000000084200000, 0x0000000100000000)
  region size 1024K, 7 young (7168K), 0 survivors (0K)
 Metaspace       used 2670K, committed 2880K, reserved 1114112K
  class space    used 206K, committed 320K, reserved 1048576K

Heap Regions: E=young(eden), S=young(survivor), O=old, HS=humongous(starts), HC=humongous(continues), CS=collection set, F=free, OA=open archive, CA=closed archive, TAMS=top-at-mark-start (previous, next)
|   0|0x0000000084200000, 0x0000000084200000, 0x0000000084300000|  0%| F|  |TAMS 0x0000000084200000, 0x0000000084200000| Untracked 
|   1|0x0000000084300000, 0x0000000084300000, 0x0000000084400000|  0%| F|  |TAMS 0x0000000084300000, 0x0000000084300000| Untracked 
|   2|0x0000000084400000, 0x0000000084400000, 0x0000000084500000|  0%| F|  |TAMS 0x0000000084400000, 0x0000000084400000| Untracked 
|   3|0x0000000084500000, 0x0000000084500000, 0x0000000084600000|  0%| F|  |TAMS 0x0000000084500000, 0x0000000084500000| Untracked 
|   4|0x0000000084600000, 0x0000000084600000, 0x0000000084700000|  0%| F|  |TAMS 0x0000000084600000, 0x0000000084600000| Untracked 
|   5|0x0000000084700000, 0x0000000084700000, 0x0000000084800000|  0%| F|  |TAMS 0x0000000084700000, 0x0000000084700000| Untracked 
|   6|0x0000000084800000, 0x0000000084800000, 0x0000000084900000|  0%| F|  |TAMS 0x0000000084800000, 0x0000000084800000| Untracked 
|   7|0x0000000084900000, 0x0000000084900000, 0x0000000084a00000|  0%| F|  |TAMS 0x0000000084900000, 0x0000000084900000| Untracked 
|   8|0x0000000084a00000, 0x0000000084a00000, 0x0000000084b00000|  0%| F|  |TAMS 0x0000000084a00000, 0x0000000084a00000| Untracked 
|   9|0x0000000084b00000, 0x0000000084b00000, 0x0000000084c00000|  0%| F|  |TAMS 0x0000000084b00000, 0x0000000084b00000| Untracked 
|  10|0x0000000084c00000, 0x0000000084c00000, 0x0000000084d00000|  0%| F|  |TAMS 0x0000000084c00000, 0x0000000084c00000| Untracked 
|  11|0x0000000084d00000, 0x0000000084d00000, 0x0000000084e00000|  0%| F|  |TAMS 0x0000000084d00000, 0x0000000084d00000| Untracked 
|  12|0x0000000084e00000, 0x0000000084e00000, 0x0000000084f00000|  0%| F|  |TAMS 0x0000000084e00000, 0x0000000084e00000| Untracked 
|  13|0x0000000084f00000, 0x0000000084f00000, 0x0000000085000000|  0%| F|  |TAMS 0x0000000084f00000, 0x0000000084f00000| Untracked 
|  14|0x0000000085000000, 0x0000000085000000, 0x0000000085100000|  0%| F|  |TAMS 0x0000000085000000, 0x0000000085000000| Untracked 
|  15|0x0000000085100000, 0x0000000085100000, 0x0000000085200000|  0%| F|  |TAMS 0x0000000085100000, 0x0000000085100000| Untracked 
|  16|0x0000000085200000, 0x0000000085200000, 0x0000000085300000|  0%| F|  |TAMS 0x0000000085200000, 0x0000000085200000| Untracked 
|  17|0x0000000085300000, 0x0000000085300000, 0x0000000085400000|  0%| F|  |TAMS 0x0000000085300000, 0x0000000085300000| Untracked 
|  18|0x0000000085400000, 0x0000000085400000, 0x0000000085500000|  0%| F|  |TAMS 0x0000000085400000, 0x0000000085400000| Untracked 
|  19|0x0000000085500000, 0x0000000085500000, 0x0000000085600000|  0%| F|  |TAMS 0x0000000085500000, 0x0000000085500000| Untracked 
|  20|0x0000000085600000, 0x0000000085600000, 0x0000000085700000|  0%| F|  |TAMS 0x0000000085600000, 0x0000000085600000| Untracked 
|  21|0x0000000085700000, 0x0000000085700000, 0x0000000085800000|  0%| F|  |TAMS 0x0000000085700000, 0x0000000085700000| Untracked 
|  22|0x0000000085800000, 0x0000000085800000, 0x0000000085900000|  0%| F|  |TAMS 0x0000000085800000, 0x0000000085800000| Untracked 
|  23|0x0000000085900000, 0x0000000085900000, 0x0000000085a00000|  0%| F|  |TAMS 0x0000000085900000, 0x0000000085900000| Untracked 
|  24|0x0000000085a00000, 0x0000000085a00000, 0x0000000085b00000|  0%| F|  |TAMS 0x0000000085a00000, 0x0000000085a00000| Untracked 
|  25|0x0000000085b00000, 0x0000000085b00000, 0x0000000085c00000|  0%| F|  |TAMS 0x0000000085b00000, 0x0000000085b00000| Untracked 
|  26|0x0000000085c00000, 0x0000000085c00000, 0x0000000085d00000|  0%| F|  |TAMS 0x0000000085c00000, 0x0000000085c00000| Untracked 
|  27|0x0000000085d00000, 0x0000000085d00000, 0x0000000085e00000|  0%| F|  |TAMS 0x0000000085d00000, 0x0000000085d00000| Untracked 
|  28|0x0000000085e00000, 0x0000000085e00000, 0x0000000085f00000|  0%| F|  |TAMS 0x0000000085e00000, 0x0000000085e00000| Untracked 
|  29|0x0000000085f00000, 0x0000000085f00000, 0x0000000086000000|  0%| F|  |TAMS 0x0000000085f00000, 0x0000000085f00000| Untracked 
|  30|0x0000000086000000, 0x0000000086000000, 0x0000000086100000|  0%| F|  |TAMS 0x0000000086000000, 0x0000000086000000| Untracked 
|  31|0x0000000086100000, 0x0000000086100000, 0x0000000086200000|  0%| F|  |TAMS 0x0000000086100000, 0x0000000086100000| Untracked 
|  32|0x0000000086200000, 0x0000000086200000, 0x0000000086300000|  0%| F|  |TAMS 0x0000000086200000, 0x0000000086200000| Untracked 
|  33|0x0000000086300000, 0x0000000086300000, 0x0000000086400000|  0%| F|  |TAMS 0x0000000086300000, 0x0000000086300000| Untracked 
|  34|0x0000000086400000, 0x0000000086400000, 0x0000000086500000|  0%| F|  |TAMS 0x0000000086400000, 0x0000000086400000| Untracked 
|  35|0x0000000086500000, 0x0000000086500000, 0x0000000086600000|  0%| F|  |TAMS 0x0000000086500000, 0x0000000086500000| Untracked 
|  36|0x0000000086600000, 0x0000000086600000, 0x0000000086700000|  0%| F|  |TAMS 0x0000000086600000, 0x0000000086600000| Untracked 
|  37|0x0000000086700000, 0x0000000086700000, 0x0000000086800000|  0%| F|  |TAMS 0x0000000086700000, 0x0000000086700000| Untracked 
|  38|0x0000000086800000, 0x0000000086800000, 0x0000000086900000|  0%| F|  |TAMS 0x0000000086800000, 0x0000000086800000| Untracked 
|  39|0x0000000086900000, 0x0000000086900000, 0x0000000086a00000|  0%| F|  |TAMS 0x0000000086900000, 0x0000000086900000| Untracked 
|  40|0x0000000086a00000, 0x0000000086a00000, 0x0000000086b00000|  0%| F|  |TAMS 0x0000000086a00000, 0x0000000086a00000| Untracked 
|  41|0x0000000086b00000, 0x0000000086b00000, 0x0000000086c00000|  0%| F|  |TAMS 0x0000000086b00000, 0x0000000086b00000| Untracked 
|  42|0x0000000086c00000, 0x0000000086c00000, 0x0000000086d00000|  0%| F|  |TAMS 0x0000000086c00000, 0x0000000086c00000| Untracked 
|  43|0x0000000086d00000, 0x0000000086d00000, 0x0000000086e00000|  0%| F|  |TAMS 0x0000000086d00000, 0x0000000086d00000| Untracked 
|  44|0x0000000086e00000, 0x0000000086e00000, 0x0000000086f00000|  0%| F|  |TAMS 0x0000000086e00000, 0x0000000086e00000| Untracked 
|  45|0x0000000086f00000, 0x0000000086f00000, 0x0000000087000000|  0%| F|  |TAMS 0x0000000086f00000, 0x0000000086f00000| Untracked 
|  46|0x0000000087000000, 0x0000000087000000, 0x0000000087100000|  0%| F|  |TAMS 0x0000000087000000, 0x0000000087000000| Untracked 
|  47|0x0000000087100000, 0x0000000087100000, 0x0000000087200000|  0%| F|  |TAMS 0x0000000087100000, 0x0000000087100000| Untracked 
|  48|0x0000000087200000, 0x0000000087200000, 0x0000000087300000|  0%| F|  |TAMS 0x0000000087200000, 0x0000000087200000| Untracked 
|  49|0x0000000087300000, 0x0000000087300000, 0x0000000087400000|  0%| F|  |TAMS 0x0000000087300000, 0x0000000087300000| Untracked 
|  50|0x0000000087400000, 0x0000000087400000, 0x0000000087500000|  0%| F|  |TAMS 0x0000000087400000, 0x0000000087400000| Untracked 
|  51|0x0000000087500000, 0x0000000087500000, 0x0000000087600000|  0%| F|  |TAMS 0x0000000087500000, 0x0000000087500000| Untracked 
|  52|0x0000000087600000, 0x0000000087600000, 0x0000000087700000|  0%| F|  |TAMS 0x0000000087600000, 0x0000000087600000| Untracked 
|  53|0x0000000087700000, 0x0000000087700000, 0x0000000087800000|  0%| F|  |TAMS 0x0000000087700000, 0x0000000087700000| Untracked 
|  54|0x0000000087800000, 0x0000000087800000, 0x0000000087900000|  0%| F|  |TAMS 0x0000000087800000, 0x0000000087800000| Untracked 
|  55|0x0000000087900000, 0x0000000087900000, 0x0000000087a00000|  0%| F|  |TAMS 0x0000000087900000, 0x0000000087900000| Untracked 
|  56|0x0000000087a00000, 0x0000000087a00000, 0x0000000087b00000|  0%| F|  |TAMS 0x0000000087a00000, 0x0000000087a00000| Untracked 
|  57|0x0000000087b00000, 0x0000000087b00000, 0x0000000087c00000|  0%| F|  |TAMS 0x0000000087b00000, 0x0000000087b00000| Untracked 
|  58|0x0000000087c00000, 0x0000000087c00000, 0x0000000087d00000|  0%| F|  |TAMS 0x0000000087c00000, 0x0000000087c00000| Untracked 
|  59|0x0000000087d00000, 0x0000000087d00000, 0x0000000087e00000|  0%| F|  |TAMS 0x0000000087d00000, 0x0000000087d00000| Untracked 
|  60|0x0000000087e00000, 0x0000000087e00000, 0x0000000087f00000|  0%| F|  |TAMS 0x0000000087e00000, 0x0000000087e00000| Untracked 
|  61|0x0000000087f00000, 0x0000000087f00000, 0x0000000088000000|  0%| F|  |TAMS 0x0000000087f00000, 0x0000000087f00000| Untracked 
|  62|0x0000000088000000, 0x0000000088000000, 0x0000000088100000|  0%| F|  |TAMS 0x0000000088000000, 0x0000000088000000| Untracked 
|  63|0x0000000088100000, 0x0000000088100000, 0x0000000088200000|  0%| F|  |TAMS 0x0000000088100000, 0x0000000088100000| Untracked 
|  64|0x0000000088200000, 0x0000000088200000, 0x0000000088300000|  0%| F|  |TAMS 0x0000000088200000, 0x0000000088200000| Untracked 
|  65|0x0000000088300000, 0x0000000088300000, 0x0000000088400000|  0%| F|  |TAMS 0x0000000088300000, 0x0000000088300000| Untracked 
|  66|0x0000000088400000, 0x0000000088400000, 0x0000000088500000|  0%| F|  |TAMS 0x0000000088400000, 0x0000000088400000| Untracked 
|  67|0x0000000088500000, 0x0000000088500000, 0x0000000088600000|  0%| F|  |TAMS 0x0000000088500000, 0x0000000088500000| Untracked 
|  68|0x0000000088600000, 0x0000000088600000, 0x0000000088700000|  0%| F|  |TAMS 0x0000000088600000, 0x0000000088600000| Untracked 
|  69|0x0000000088700000, 0x0000000088700000, 0x0000000088800000|  0%| F|  |TAMS 0x0000000088700000, 0x0000000088700000| Untracked 
|  70|0x0000000088800000, 0x0000000088800000, 0x0000000088900000|  0%| F|  |TAMS 0x0000000088800000, 0x0000000088800000| Untracked 
|  71|0x0000000088900000, 0x0000000088900000, 0x0000000088a00000|  0%| F|  |TAMS 0x0000000088900000, 0x0000000088900000| Untracked 
|  72|0x0000000088a00000, 0x0000000088a00000, 0x0000000088b00000|  0%| F|  |TAMS 0x0000000088a00000, 0x0000000088a00000| Untracked 
|  73|0x0000000088b00000, 0x0000000088b00000, 0x0000000088c00000|  0%| F|  |TAMS 0x0000000088b00000, 0x0000000088b00000| Untracked 
|  74|0x0000000088c00000, 0x0000000088c00000, 0x0000000088d00000|  0%| F|  |TAMS 0x0000000088c00000, 0x0000000088c00000| Untracked 
|  75|0x0000000088d00000, 0x0000000088d00000, 0x0000000088e00000|  0%| F|  |TAMS 0x0000000088d00000, 0x0000000088d00000| Untracked 
|  76|0x0000000088e00000, 0x0000000088e00000, 0x0000000088f00000|  0%| F|  |TAMS 0x0000000088e00000, 0x0000000088e00000| Untracked 
|  77|0x0000000088f00000, 0x0000000088f00000, 0x0000000089000000|  0%| F|  |TAMS 0x0000000088f00000, 0x0000000088f00000| Untracked 
|  78|0x0000000089000000, 0x0000000089000000, 0x0000000089100000|  0%| F|  |TAMS 0x0000000089000000, 0x0000000089000000| Untracked 
|  79|0x0000000089100000, 0x0000000089100000, 0x0000000089200000|  0%| F|  |TAMS 0x0000000089100000, 0x0000000089100000| Untracked 
|  80|0x0000000089200000, 0x0000000089200000, 0x0000000089300000|  0%| F|  |TAMS 0x0000000089200000, 0x0000000089200000| Untracked 
|  81|0x0000000089300000, 0x0000000089300000, 0x0000000089400000|  0%| F|  |TAMS 0x0000000089300000, 0x0000000089300000| Untracked 
|  82|0x0000000089400000, 0x0000000089400000, 0x0000000089500000|  0%| F|  |TAMS 0x0000000089400000, 0x0000000089400000| Untracked 
|  83|0x0000000089500000, 0x0000000089500000, 0x0000000089600000|  0%| F|  |TAMS 0x0000000089500000, 0x0000000089500000| Untracked 
|  84|0x0000000089600000, 0x0000000089600000, 0x0000000089700000|  0%| F|  |TAMS 0x0000000089600000, 0x0000000089600000| Untracked 
|  85|0x0000000089700000, 0x0000000089700000, 0x0000000089800000|  0%| F|  |TAMS 0x0000000089700000, 0x0000000089700000| Untracked 
|  86|0x0000000089800000, 0x0000000089800000, 0x0000000089900000|  0%| F|  |TAMS 0x0000000089800000, 0x0000000089800000| Untracked 
|  87|0x0000000089900000, 0x0000000089900000, 0x0000000089a00000|  0%| F|  |TAMS 0x0000000089900000, 0x0000000089900000| Untracked 
|  88|0x0000000089a00000, 0x0000000089a00000, 0x0000000089b00000|  0%| F|  |TAMS 0x0000000089a00000, 0x0000000089a00000| Untracked 
|  89|0x0000000089b00000, 0x0000000089b00000, 0x0000000089c00000|  0%| F|  |TAMS 0x0000000089b00000, 0x0000000089b00000| Untracked 
|  90|0x0000000089c00000, 0x0000000089c00000, 0x0000000089d00000|  0%| F|  |TAMS 0x0000000089c00000, 0x0000000089c00000| Untracked 
|  91|0x0000000089d00000, 0x0000000089d00000, 0x0000000089e00000|  0%| F|  |TAMS 0x0000000089d00000, 0x0000000089d00000| Untracked 
|  92|0x0000000089e00000, 0x0000000089e00000, 0x0000000089f00000|  0%| F|  |TAMS 0x0000000089e00000, 0x0000000089e00000| Untracked 
|  93|0x0000000089f00000, 0x0000000089f00000, 0x000000008a000000|  0%| F|  |TAMS 0x0000000089f00000, 0x0000000089f00000| Untracked 
|  94|0x000000008a000000, 0x000000008a000000, 0x000000008a100000|  0%| F|  |TAMS 0x000000008a000000, 0x000000008a000000| Untracked 
|  95|0x000000008a100000, 0x000000008a100000, 0x000000008a200000|  0%| F|  |TAMS 0x000000008a100000, 0x000000008a100000| Untracked 
|  96|0x000000008a200000, 0x000000008a200000, 0x000000008a300000|  0%| F|  |TAMS 0x000000008a200000, 0x000000008a200000| Untracked 
|  97|0x000000008a300000, 0x000000008a300000, 0x000000008a400000|  0%| F|  |TAMS 0x000000008a300000, 0x000000008a300000| Untracked 
|  98|0x000000008a400000, 0x000000008a400000, 0x000000008a500000|  0%| F|  |TAMS 0x000000008a400000, 0x000000008a400000| Untracked 
|  99|0x000000008a500000, 0x000000008a500000, 0x000000008a600000|  0%| F|  |TAMS 0x000000008a500000, 0x000000008a500000| Untracked 
| 100|0x000000008a600000, 0x000000008a600000, 0x000000008a700000|  0%| F|  |TAMS 0x000000008a600000, 0x000000008a600000| Untracked 
| 101|0x000000008a700000, 0x000000008a700000, 0x000000008a800000|  0%| F|  |TAMS 0x000000008a700000, 0x000000008a700000| Untracked 
| 102|0x000000008a800000, 0x000000008a800000, 0x000000008a900000|  0%| F|  |TAMS 0x000000008a800000, 0x000000008a800000| Untracked 
| 103|0x000000008a900000, 0x000000008a900000, 0x000000008aa00000|  0%| F|  |TAMS 0x000000008a900000, 0x000000008a900000| Untracked 
| 104|0x000000008aa00000, 0x000000008aa00000, 0x000000008ab00000|  0%| F|  |TAMS 0x000000008aa00000, 0x000000008aa00000| Untracked 
| 105|0x000000008ab00000, 0x000000008ab00000, 0x000000008ac00000|  0%| F|  |TAMS 0x000000008ab00000, 0x000000008ab00000| Untracked 
| 106|0x000000008ac00000, 0x000000008ac00000, 0x000000008ad00000|  0%| F|  |TAMS 0x000000008ac00000, 0x000000008ac00000| Untracked 
| 107|0x000000008ad00000, 0x000000008ad00000, 0x000000008ae00000|  0%| F|  |TAMS 0x000000008ad00000, 0x000000008ad00000| Untracked 
| 108|0x000000008ae00000, 0x000000008ae00000, 0x000000008af00000|  0%| F|  |TAMS 0x000000008ae00000, 0x000000008ae00000| Untracked 
| 109|0x000000008af00000, 0x000000008af00000, 0x000000008b000000|  0%| F|  |TAMS 0x000000008af00000, 0x000000008af00000| Untracked 
| 110|0x000000008b000000, 0x000000008b000000, 0x000000008b100000|  0%| F|  |TAMS 0x000000008b000000, 0x000000008b000000| Untracked 
| 111|0x000000008b100000, 0x000000008b100000, 0x000000008b200000|  0%| F|  |TAMS 0x000000008b100000, 0x000000008b100000| Untracked 
| 112|0x000000008b200000, 0x000000008b200000, 0x000000008b300000|  0%| F|  |TAMS 0x000000008b200000, 0x000000008b200000| Untracked 
| 113|0x000000008b300000, 0x000000008b300000, 0x000000008b400000|  0%| F|  |TAMS 0x000000008b300000, 0x000000008b300000| Untracked 
| 114|0x000000008b400000, 0x000000008b400000, 0x000000008b500000|  0%| F|  |TAMS 0x000000008b400000, 0x000000008b400000| Untracked 
| 115|0x000000008b500000, 0x000000008b500000, 0x000000008b600000|  0%| F|  |TAMS 0x000000008b500000, 0x000000008b500000| Untracked 
| 116|0x000000008b600000, 0x000000008b600000, 0x000000008b700000|  0%| F|  |TAMS 0x000000008b600000, 0x000000008b600000| Untracked 
| 117|0x000000008b700000, 0x000000008b7849b8, 0x000000008b800000| 51%| E|  |TAMS 0x000000008b700000, 0x000000008b700000| Complete 
| 118|0x000000008b800000, 0x000000008b900000, 0x000000008b900000|100%| E|CS|TAMS 0x000000008b800000, 0x000000008b800000| Complete 
| 119|0x000000008b900000, 0x000000008ba00000, 0x000000008ba00000|100%| E|CS|TAMS 0x000000008b900000, 0x000000008b900000| Complete 
| 120|0x000000008ba00000, 0x000000008bb00000, 0x000000008bb00000|100%| E|CS|TAMS 0x000000008ba00000, 0x000000008ba00000| Complete 
| 121|0x000000008bb00000, 0x000000008bc00000, 0x000000008bc00000|100%| E|CS|TAMS 0x000000008bb00000, 0x000000008bb00000| Complete 
| 122|0x000000008bc00000, 0x000000008bd00000, 0x000000008bd00000|100%| E|CS|TAMS 0x000000008bc00000, 0x000000008bc00000| Complete 
| 123|0x000000008bd00000, 0x000000008be00000, 0x000000008be00000|100%| E|CS|TAMS 0x000000008bd00000, 0x000000008bd00000| Complete 

Card table byte_map: [0x000002661ec60000,0x000002661f040000] _byte_map_base: 0x000002661e83f000

Marking Bits (Prev, Next): (CMBitMap*) 0x0000026607a7b6c0, (CMBitMap*) 0x0000026607a7b700
 Prev Bits: [0x000002661f420000, 0x0000026621318000)
 Next Bits: [0x0000026621320000, 0x0000026623218000)

Polling page: 0x00000266059c0000

Metaspace:

Usage:
  Non-class:      2.41 MB used.
      Class:    206.05 KB used.
       Both:      2.61 MB used.

Virtual space:
  Non-class space:       64.00 MB reserved,       2.50 MB (  4%) committed,  1 nodes.
      Class space:        1.00 GB reserved,     320.00 KB ( <1%) committed,  1 nodes.
             Both:        1.06 GB reserved,       2.81 MB ( <1%) committed. 

Chunk freelists:
   Non-Class:  11.03 MB
       Class:  15.66 MB
        Both:  26.69 MB

MaxMetaspaceSize: unlimited
CompressedClassSpaceSize: 1.00 GB
Initial GC threshold: 21.00 MB
Current GC threshold: 21.00 MB
CDS: on
MetaspaceReclaimPolicy: balanced
 - commit_granule_bytes: 65536.
 - commit_granule_words: 8192.
 - virtual_space_node_default_size: 8388608.
 - enlarge_chunks_in_place: 1.
 - new_chunks_are_fully_committed: 0.
 - uncommit_free_chunks: 1.
 - use_allocation_guard: 0.
 - handle_deallocations: 1.


Internal statistics:

num_allocs_failed_limit: 0.
num_arena_births: 76.
num_arena_deaths: 0.
num_vsnodes_births: 2.
num_vsnodes_deaths: 0.
num_space_committed: 45.
num_space_uncommitted: 0.
num_chunks_returned_to_freelist: 0.
num_chunks_taken_from_freelist: 136.
num_chunk_merges: 0.
num_chunk_splits: 85.
num_chunks_enlarged: 55.
num_inconsistent_stats: 0.

CodeHeap 'non-profiled nmethods': size=120000Kb used=191Kb max_used=191Kb free=119808Kb
 bounds [0x0000026617010000, 0x0000026617280000, 0x000002661e540000]
CodeHeap 'profiled nmethods': size=120000Kb used=824Kb max_used=824Kb free=119175Kb
 bounds [0x000002660f540000, 0x000002660f7b0000, 0x0000026616a70000]
CodeHeap 'non-nmethods': size=5760Kb used=1583Kb max_used=1600Kb free=4176Kb
 bounds [0x0000026616a70000, 0x0000026616ce0000, 0x0000026617010000]
 total_blobs=1560 nmethods=568 adapters=905
 compilation: enabled
              stopped_count=0, restarted_count=0
 full_count=0

Compilation events (20 events):
Event: 0.188 Thread 0x0000026625c51130  557       3       java.lang.Integer::valueOf (32 bytes)
Event: 0.188 Thread 0x0000026625c51130 nmethod 557 0x000002660f60c190 code [0x000002660f60c340, 0x000002660f60c658]
Event: 0.188 Thread 0x0000026625c51130  558       3       java.lang.Integer::<init> (10 bytes)
Event: 0.188 Thread 0x0000026625c51130 nmethod 558 0x000002660f60c790 code [0x000002660f60c940, 0x000002660f60cb18]
Event: 0.188 Thread 0x0000026625c51130  559       3       java.lang.Integer::toUnsignedLong (7 bytes)
Event: 0.188 Thread 0x0000026625c51130 nmethod 559 0x000002660f60cc10 code [0x000002660f60cda0, 0x000002660f60ce98]
Event: 0.189 Thread 0x0000026625c51130  560       3       org.lwjgl.system.MemoryUtil::write8 (19 bytes)
Event: 0.189 Thread 0x0000026625c51130 nmethod 560 0x000002660f60cf10 code [0x000002660f60d0c0, 0x000002660f60d318]
Event: 0.189 Thread 0x0000026625c51130  561       3       sun.misc.Unsafe::putByte (11 bytes)
Event: 0.189 Thread 0x0000026625c51130 nmethod 561 0x000002660f60d410 code [0x000002660f60d5a0, 0x000002660f60d6b8]
Event: 0.189 Thread 0x0000026625c51130  564       3       sun.misc.Unsafe::putInt (11 bytes)
Event: 0.189 Thread 0x0000026625c51130 nmethod 564 0x000002660f60d790 code [0x000002660f60d920, 0x000002660f60da38]
Event: 0.189 Thread 0x0000026625c51130  565       3       org.lwjgl.system.MemoryUtil::encodeASCIIUnsafe (53 bytes)
Event: 0.189 Thread 0x000002666b5310c0 nmethod 532 0x000002661703d210 code [0x000002661703d3c0, 0x000002661703d908]
Event: 0.189 Thread 0x0000026625c51130 nmethod 565 0x000002660f60db10 code [0x000002660f60dce0, 0x000002660f60e0f8]
Event: 0.189 Thread 0x0000026625c51130  567       1       org.lwjgl.system.Pointer$Default::address (5 bytes)
Event: 0.189 Thread 0x000002666b5310c0  568 %     4       java.lang.StringLatin1::indexOf @ 30 (121 bytes)
Event: 0.189 Thread 0x0000026625c51130 nmethod 567 0x000002661703e010 code [0x000002661703e1a0, 0x000002661703e278]
Event: 0.192 Thread 0x000002666b5310c0 nmethod 568% 0x000002661703e310 code [0x000002661703e4a0, 0x000002661703e838]
Event: 0.206 Thread 0x0000026625c4fee0 nmethod 542 0x000002661703ea90 code [0x000002661703ec20, 0x000002661703f898]

GC Heap History (0 events):
No events

Dll operation events (7 events):
Event: 0.004 Loaded shared library C:\Users\PCC\AppData\Local\Programs\Eclipse Adoptium\jdk-17.0.10.7-hotspot\bin\java.dll
Event: 0.019 Loaded shared library C:\Users\PCC\AppData\Local\Programs\Eclipse Adoptium\jdk-17.0.10.7-hotspot\bin\jsvml.dll
Event: 0.048 Loaded shared library C:\Users\PCC\AppData\Local\Programs\Eclipse Adoptium\jdk-17.0.10.7-hotspot\bin\net.dll
Event: 0.049 Loaded shared library C:\Users\PCC\AppData\Local\Programs\Eclipse Adoptium\jdk-17.0.10.7-hotspot\bin\nio.dll
Event: 0.051 Loaded shared library C:\Users\PCC\AppData\Local\Programs\Eclipse Adoptium\jdk-17.0.10.7-hotspot\bin\zip.dll
Event: 0.105 Loaded shared library C:\Users\PCC\AppData\Local\Programs\Eclipse Adoptium\jdk-17.0.10.7-hotspot\bin\jimage.dll
Event: 0.120 Loaded shared library C:\Users\PCC\AppData\Local\Temp\lwjgl_PCC\3.3.4+7\x64\lwjgl.dll

Deoptimization events (20 events):
Event: 0.186 Thread 0x0000026607a1d080 DEOPT PACKING pc=0x000002660f5d67ca sp=0x0000008473dfe040
Event: 0.186 Thread 0x0000026607a1d080 DEOPT UNPACKING pc=0x0000026616acace3 sp=0x0000008473dfd4b8 mode 0
Event: 0.186 Thread 0x0000026607a1d080 DEOPT PACKING pc=0x000002660f5d67ca sp=0x0000008473dfe040
Event: 0.186 Thread 0x0000026607a1d080 DEOPT UNPACKING pc=0x0000026616acace3 sp=0x0000008473dfd4b8 mode 0
Event: 0.186 Thread 0x0000026607a1d080 DEOPT PACKING pc=0x000002660f5d67ca sp=0x0000008473dfe040
Event: 0.186 Thread 0x0000026607a1d080 DEOPT UNPACKING pc=0x0000026616acace3 sp=0x0000008473dfd4b8 mode 0
Event: 0.186 Thread 0x0000026607a1d080 DEOPT PACKING pc=0x000002660f5d67ca sp=0x0000008473dfe040
Event: 0.186 Thread 0x0000026607a1d080 DEOPT UNPACKING pc=0x0000026616acace3 sp=0x0000008473dfd4b8 mode 0
Event: 0.186 Thread 0x0000026607a1d080 DEOPT PACKING pc=0x000002660f5d6912 sp=0x0000008473dfe040
Event: 0.186 Thread 0x0000026607a1d080 DEOPT UNPACKING pc=0x0000026616acace3 sp=0x0000008473dfd4b8 mode 0
Event: 0.186 Thread 0x0000026607a1d080 DEOPT PACKING pc=0x000002660f5d67ca sp=0x0000008473dfe040
Event: 0.186 Thread 0x0000026607a1d080 DEOPT UNPACKING pc=0x0000026616acace3 sp=0x0000008473dfd4b8 mode 0
Event: 0.186 Thread 0x0000026607a1d080 DEOPT PACKING pc=0x000002660f5d67ca sp=0x0000008473dfe040
Event: 0.186 Thread 0x0000026607a1d080 DEOPT UNPACKING pc=0x0000026616acace3 sp=0x0000008473dfd4b8 mode 0
Event: 0.186 Thread 0x0000026607a1d080 DEOPT PACKING pc=0x000002660f5d67ca sp=0x0000008473dfe040
Event: 0.186 Thread 0x0000026607a1d080 DEOPT UNPACKING pc=0x0000026616acace3 sp=0x0000008473dfd4b8 mode 0
Event: 0.186 Thread 0x0000026607a1d080 DEOPT PACKING pc=0x000002660f5d67ca sp=0x0000008473dfe040
Event: 0.186 Thread 0x0000026607a1d080 DEOPT UNPACKING pc=0x0000026616acace3 sp=0x0000008473dfd4b8 mode 0
Event: 0.186 Thread 0x0000026607a1d080 DEOPT PACKING pc=0x000002660f5d6912 sp=0x0000008473dfe040
Event: 0.186 Thread 0x0000026607a1d080 DEOPT UNPACKING pc=0x0000026616acace3 sp=0x0000008473dfd4b8 mode 0

Classes unloaded (0 events):
No events

Classes redefined (0 events):
No events

Internal exceptions (16 events):
Event: 0.089 Thread 0x0000026607a1d080 Exception <a 'java/lang/NoSuchMethodError'{0x000000008bbe89f0}: 'java.lang.Object java.lang.invoke.DirectMethodHandle$Holder.invokeStaticInit(java.lang.Object)'> (0x000000008bbe89f0) 
thrown [s\src\hotspot\share\interpreter\linkResolver.cpp, line 759]
Event: 0.097 Thread 0x0000026607a1d080 Exception <a 'java/lang/NoSuchMethodError'{0x000000008ba4bff8}: 'void java.lang.invoke.DirectMethodHandle$Holder.invokeStatic(java.lang.Object, java.lang.Object)'> (0x000000008ba4bff8) 
thrown [s\src\hotspot\share\interpreter\linkResolver.cpp, line 759]
Event: 0.097 Thread 0x0000026607a1d080 Exception <a 'java/lang/NoSuchMethodError'{0x000000008ba51840}: 'void java.lang.invoke.DirectMethodHandle$Holder.invokeSpecial(java.lang.Object, java.lang.Object, java.lang.Object)'> (0x000000008ba51840) 
thrown [s\src\hotspot\share\interpreter\linkResolver.cpp, line 759]
Event: 0.099 Thread 0x0000026607a1d080 Exception <a 'java/lang/NoSuchMethodError'{0x000000008ba63570}: 'java.lang.Object java.lang.invoke.DirectMethodHandle$Holder.invokeStatic(java.lang.Object, java.lang.Object, int)'> (0x000000008ba63570) 
thrown [s\src\hotspot\share\interpreter\linkResolver.cpp, line 759]
Event: 0.100 Thread 0x0000026607a1d080 Exception <a 'java/lang/NoSuchMethodError'{0x000000008ba6f260}: 'void java.lang.invoke.DelegatingMethodHandle$Holder.delegate(java.lang.Object, java.lang.Object, int, java.lang.Object)'> (0x000000008ba6f260) 
thrown [s\src\hotspot\share\interpreter\linkResolver.cpp, line 759]
Event: 0.100 Thread 0x0000026607a1d080 Exception <a 'java/lang/NoSuchMethodError'{0x000000008ba734a0}: 'int java.lang.invoke.DirectMethodHandle$Holder.invokeSpecial(java.lang.Object, java.lang.Object, java.lang.Object)'> (0x000000008ba734a0) 
thrown [s\src\hotspot\share\interpreter\linkResolver.cpp, line 759]
Event: 0.123 Thread 0x0000026607a1d080 Exception <a 'sun/nio/fs/WindowsException'{0x000000008bad4638}> (0x000000008bad4638) 
thrown [s\src\hotspot\share\prims\jni.cpp, line 516]
Event: 0.123 Thread 0x0000026607a1d080 Exception <a 'sun/nio/fs/WindowsException'{0x000000008bad4b68}> (0x000000008bad4b68) 
thrown [s\src\hotspot\share\prims\jni.cpp, line 516]
Event: 0.158 Thread 0x0000026607a1d080 Exception <a 'java/lang/NoSuchMethodError'{0x000000008b9d7bc0}: 'int java.lang.invoke.DirectMethodHandle$Holder.invokeStaticInit(java.lang.Object, java.lang.Object, int, long)'> (0x000000008b9d7bc0) 
thrown [s\src\hotspot\share\interpreter\linkResolver.cpp, line 759]
Event: 0.159 Thread 0x0000026607a1d080 Exception <a 'java/lang/NoSuchMethodError'{0x000000008b9dd488}: 'java.lang.Object java.lang.invoke.DirectMethodHandle$Holder.newInvokeSpecial(java.lang.Object, java.lang.Object, int)'> (0x000000008b9dd488) 
thrown [s\src\hotspot\share\interpreter\linkResolver.cpp, line 759]
Event: 0.161 Thread 0x0000026607a1d080 Exception <a 'java/lang/NoSuchMethodError'{0x000000008b9edc98}: 'int java.lang.invoke.DirectMethodHandle$Holder.invokeStaticInit(java.lang.Object, java.lang.Object, long, long)'> (0x000000008b9edc98) 
thrown [s\src\hotspot\share\interpreter\linkResolver.cpp, line 759]
Event: 0.161 Thread 0x0000026607a1d080 Exception <a 'java/lang/NoSuchMethodError'{0x000000008b9f3a20}: 'java.lang.Object java.lang.invoke.DirectMethodHandle$Holder.newInvokeSpecial(java.lang.Object, java.lang.Object, long)'> (0x000000008b9f3a20) 
thrown [s\src\hotspot\share\interpreter\linkResolver.cpp, line 759]
Event: 0.161 Thread 0x0000026607a1d080 Exception <a 'java/lang/NoSuchMethodError'{0x000000008b9f72e8}: 'java.lang.Object java.lang.invoke.Invokers$Holder.linkToTargetMethod(java.lang.Object, long, java.lang.Object)'> (0x000000008b9f72e8) 
thrown [s\src\hotspot\share\interpreter\linkResolver.cpp, line 759]
Event: 0.162 Thread 0x0000026607a1d080 Exception <a 'java/lang/NoSuchMethodError'{0x000000008b9fe7b8}: 'int java.lang.invoke.DirectMethodHandle$Holder.invokeStaticInit(java.lang.Object, java.lang.Object, java.lang.Object, long)'> (0x000000008b9fe7b8) 
thrown [s\src\hotspot\share\interpreter\linkResolver.cpp, line 759]
Event: 0.178 Thread 0x0000026607a1d080 Exception <a 'sun/nio/fs/WindowsException'{0x000000008b8c7350}> (0x000000008b8c7350) 
thrown [s\src\hotspot\share\prims\jni.cpp, line 516]
Event: 0.178 Thread 0x0000026607a1d080 Exception <a 'sun/nio/fs/WindowsException'{0x000000008b8c76a0}> (0x000000008b8c76a0) 
thrown [s\src\hotspot\share\prims\jni.cpp, line 516]

VM Operations (4 events):
Event: 0.051 Executing VM operation: HandshakeAllThreads
Event: 0.051 Executing VM operation: HandshakeAllThreads done
Event: 0.115 Executing VM operation: HandshakeAllThreads
Event: 0.115 Executing VM operation: HandshakeAllThreads done

Events (20 events):
Event: 0.154 loading class jdk/internal/reflect/UnsafeFieldAccessorFactory done
Event: 0.154 loading class jdk/internal/reflect/UnsafeQualifiedStaticObjectFieldAccessorImpl
Event: 0.154 loading class jdk/internal/reflect/UnsafeQualifiedStaticFieldAccessorImpl
Event: 0.154 loading class jdk/internal/reflect/UnsafeQualifiedStaticFieldAccessorImpl done
Event: 0.154 loading class jdk/internal/reflect/UnsafeQualifiedStaticObjectFieldAccessorImpl done
Event: 0.156 Thread 0x000002666b5310c0 Thread added: 0x000002666b5310c0
Event: 0.157 loading class java/util/function/LongPredicate
Event: 0.157 loading class java/util/function/LongPredicate done
Event: 0.159 loading class jdk/internal/access/foreign/MemorySegmentProxy
Event: 0.160 loading class jdk/internal/access/foreign/MemorySegmentProxy done
Event: 0.163 loading class java/nio/InvalidMarkException
Event: 0.163 loading class java/nio/InvalidMarkException done
Event: 0.163 loading class java/nio/BufferUnderflowException
Event: 0.163 loading class java/nio/BufferUnderflowException done
Event: 0.170 loading class java/util/Formatter$FixedString
Event: 0.170 loading class java/util/Formatter$FixedString done
Event: 0.179 loading class java/lang/NoSuchFieldError
Event: 0.179 loading class java/lang/NoSuchFieldError done
Event: 0.187 loading class jdk/internal/reflect/UnsafeQualifiedStaticIntegerFieldAccessorImpl
Event: 0.187 loading class jdk/internal/reflect/UnsafeQualifiedStaticIntegerFieldAccessorImpl done


Dynamic libraries:
0x00007ff7131d0000 - 0x00007ff7131de000 	C:\Users\PCC\AppData\Local\Programs\Eclipse Adoptium\jdk-17.0.10.7-hotspot\bin\java.exe
0x00007fffdfa70000 - 0x00007fffdfc87000 	C:\WINDOWS\SYSTEM32\ntdll.dll
0x00007fffdf100000 - 0x00007fffdf1c4000 	C:\WINDOWS\System32\KERNEL32.DLL
0x00007fffdd010000 - 0x00007fffdd3bd000 	C:\WINDOWS\System32\KERNELBASE.dll
0x00007fffdce30000 - 0x00007fffdcf41000 	C:\WINDOWS\System32\ucrtbase.dll
0x00007fff98af0000 - 0x00007fff98b0b000 	C:\Users\PCC\AppData\Local\Programs\Eclipse Adoptium\jdk-17.0.10.7-hotspot\bin\VCRUNTIME140.dll
0x00007fff98eb0000 - 0x00007fff98ec7000 	C:\Users\PCC\AppData\Local\Programs\Eclipse Adoptium\jdk-17.0.10.7-hotspot\bin\jli.dll
0x00007fffdf460000 - 0x00007fffdf60e000 	C:\WINDOWS\System32\USER32.dll
0x00007fffb6a00000 - 0x00007fffb6c93000 	C:\WINDOWS\WinSxS\amd64_microsoft.windows.common-controls_6595b64144ccf1df_6.0.22621.3672_none_2713b9d173822955\COMCTL32.dll
0x00007fffdd550000 - 0x00007fffdd576000 	C:\WINDOWS\System32\win32u.dll
0x00007fffddf70000 - 0x00007fffde017000 	C:\WINDOWS\System32\msvcrt.dll
0x00007fffdf630000 - 0x00007fffdf659000 	C:\WINDOWS\System32\GDI32.dll
0x00007fffdd430000 - 0x00007fffdd549000 	C:\WINDOWS\System32\gdi32full.dll
0x00007fffdcd90000 - 0x00007fffdce2a000 	C:\WINDOWS\System32\msvcp_win.dll
0x00007fffddb30000 - 0x00007fffddb61000 	C:\WINDOWS\System32\IMM32.DLL
0x00007fffb3c70000 - 0x00007fffb3c7c000 	C:\Users\PCC\AppData\Local\Programs\Eclipse Adoptium\jdk-17.0.10.7-hotspot\bin\vcruntime140_1.dll
0x00007fff88140000 - 0x00007fff881cd000 	C:\Users\PCC\AppData\Local\Programs\Eclipse Adoptium\jdk-17.0.10.7-hotspot\bin\msvcp140.dll
0x00007fff5cf10000 - 0x00007fff5db72000 	C:\Users\PCC\AppData\Local\Programs\Eclipse Adoptium\jdk-17.0.10.7-hotspot\bin\server\jvm.dll
0x00007fffdf3a0000 - 0x00007fffdf452000 	C:\WINDOWS\System32\ADVAPI32.dll
0x00007fffddec0000 - 0x00007fffddf69000 	C:\WINDOWS\System32\sechost.dll
0x00007fffdd770000 - 0x00007fffdd798000 	C:\WINDOWS\System32\bcrypt.dll
0x00007fffde020000 - 0x00007fffde134000 	C:\WINDOWS\System32\RPCRT4.dll
0x00007fffba440000 - 0x00007fffba449000 	C:\WINDOWS\SYSTEM32\WSOCK32.dll
0x00007fffdcaa0000 - 0x00007fffdcaed000 	C:\WINDOWS\SYSTEM32\POWRPROF.dll
0x00007fffd5a00000 - 0x00007fffd5a34000 	C:\WINDOWS\SYSTEM32\WINMM.dll
0x00007fffdde40000 - 0x00007fffddeb1000 	C:\WINDOWS\System32\WS2_32.dll
0x00007fffd5920000 - 0x00007fffd592a000 	C:\WINDOWS\SYSTEM32\VERSION.dll
0x00007fffdca80000 - 0x00007fffdca93000 	C:\WINDOWS\SYSTEM32\UMPDC.dll
0x00007fffdbd80000 - 0x00007fffdbd98000 	C:\WINDOWS\SYSTEM32\kernel.appcore.dll
0x00007fffb2ec0000 - 0x00007fffb2eca000 	C:\Users\PCC\AppData\Local\Programs\Eclipse Adoptium\jdk-17.0.10.7-hotspot\bin\jimage.dll
0x00007fffda660000 - 0x00007fffda892000 	C:\WINDOWS\SYSTEM32\DBGHELP.DLL
0x00007fffdd7a0000 - 0x00007fffddb2d000 	C:\WINDOWS\System32\combase.dll
0x00007fffdf950000 - 0x00007fffdfa27000 	C:\WINDOWS\System32\OLEAUT32.dll
0x00007fffab630000 - 0x00007fffab662000 	C:\WINDOWS\SYSTEM32\dbgcore.DLL
0x00007fffdd6f0000 - 0x00007fffdd76b000 	C:\WINDOWS\System32\bcryptPrimitives.dll
0x00007fff989e0000 - 0x00007fff98a05000 	C:\Users\PCC\AppData\Local\Programs\Eclipse Adoptium\jdk-17.0.10.7-hotspot\bin\java.dll
0x00007fff83840000 - 0x00007fff83917000 	C:\Users\PCC\AppData\Local\Programs\Eclipse Adoptium\jdk-17.0.10.7-hotspot\bin\jsvml.dll
0x00007fffde7b0000 - 0x00007fffdf018000 	C:\WINDOWS\System32\SHELL32.dll
0x00007fffdac90000 - 0x00007fffdb58e000 	C:\WINDOWS\SYSTEM32\windows.storage.dll
0x00007fffdab50000 - 0x00007fffdac8f000 	C:\WINDOWS\SYSTEM32\wintypes.dll
0x00007fffddb70000 - 0x00007fffddc69000 	C:\WINDOWS\System32\SHCORE.dll
0x00007fffdf030000 - 0x00007fffdf08e000 	C:\WINDOWS\System32\shlwapi.dll
0x00007fffdccc0000 - 0x00007fffdcce1000 	C:\WINDOWS\SYSTEM32\profapi.dll
0x00007fff8a100000 - 0x00007fff8a119000 	C:\Users\PCC\AppData\Local\Programs\Eclipse Adoptium\jdk-17.0.10.7-hotspot\bin\net.dll
0x00007fffd9140000 - 0x00007fffd9276000 	C:\WINDOWS\SYSTEM32\WINHTTP.dll
0x00007fffdc1e0000 - 0x00007fffdc249000 	C:\WINDOWS\system32\mswsock.dll
0x00007fff8a010000 - 0x00007fff8a026000 	C:\Users\PCC\AppData\Local\Programs\Eclipse Adoptium\jdk-17.0.10.7-hotspot\bin\nio.dll
0x00007fff983f0000 - 0x00007fff98408000 	C:\Users\PCC\AppData\Local\Programs\Eclipse Adoptium\jdk-17.0.10.7-hotspot\bin\zip.dll
0x00007fff893d0000 - 0x00007fff8944b000 	C:\Users\PCC\AppData\Local\Temp\lwjgl_PCC\3.3.4+7\x64\lwjgl.dll
0x00007fff88720000 - 0x00007fff887a5000 	C:\Users\PCC\AppData\Local\Temp\lwjgl_PCC\3.3.4+7\x64\glfw.dll
0x00007fff89590000 - 0x00007fff895d6000 	C:\WINDOWS\SYSTEM32\dinput8.dll
0x00007fff89c50000 - 0x00007fff89c61000 	C:\WINDOWS\SYSTEM32\xinput1_4.dll
0x00007fffdc9c0000 - 0x00007fffdc9ec000 	C:\WINDOWS\SYSTEM32\DEVOBJ.dll
0x00007fffdc9f0000 - 0x00007fffdca3e000 	C:\WINDOWS\SYSTEM32\cfgmgr32.dll
0x00007fffd9ed0000 - 0x00007fffd9efb000 	C:\WINDOWS\SYSTEM32\dwmapi.dll
0x00007fffb2fd0000 - 0x00007fffb31de000 	C:\WINDOWS\SYSTEM32\inputhost.dll
0x00007fffd4fa0000 - 0x00007fffd50d3000 	C:\WINDOWS\SYSTEM32\CoreMessaging.dll
0x00007fffd9c60000 - 0x00007fffd9d10000 	C:\WINDOWS\system32\uxtheme.dll
0x00007fffdf1d0000 - 0x00007fffdf32b000 	C:\WINDOWS\System32\MSCTF.dll
0x00007fffdc510000 - 0x00007fffdc51c000 	C:\WINDOWS\SYSTEM32\CRYPTBASE.DLL
0x00007fffc0570000 - 0x00007fffc0670000 	C:\WINDOWS\SYSTEM32\opengl32.dll
0x00007fffd34d0000 - 0x00007fffd34fd000 	C:\WINDOWS\SYSTEM32\GLU32.dll
0x00007fffd9e70000 - 0x00007fffd9ea7000 	C:\WINDOWS\SYSTEM32\dxcore.dll
0x00007fffd3060000 - 0x00007fffd30a9000 	C:\WINDOWS\SYSTEM32\directxdatabasehelper.dll
0x00007fffdf810000 - 0x00007fffdf8c0000 	C:\WINDOWS\System32\clbcatq.dll
0x00007fff59a20000 - 0x00007fff5abd4000 	C:\WINDOWS\System32\DriverStore\FileRepository\iigd_dch.inf_amd64_da775d7ecf291310\igxelpicd64.dll
0x00007fffdf660000 - 0x00007fffdf805000 	C:\WINDOWS\System32\ole32.dll
0x00007fffd9d70000 - 0x00007fffd9e67000 	C:\WINDOWS\system32\dxgi.dll
0x00007fff7ca10000 - 0x00007fff7cd41000 	C:\WINDOWS\System32\DriverStore\FileRepository\iigd_dch.inf_amd64_da775d7ecf291310\igdml64.dll
0x00007fffce2e0000 - 0x00007fffce71c000 	C:\WINDOWS\System32\DriverStore\FileRepository\iigd_dch.inf_amd64_da775d7ecf291310\igdgmm64.dll
0x00007fffc5400000 - 0x00007fffc9466000 	C:\WINDOWS\System32\DriverStore\FileRepository\iigd_dch.inf_amd64_da775d7ecf291310\igc64.dll

dbghelp: loaded successfully - version: 4.0.5 - missing functions: none
symbol engine: initialized successfully - sym options: 0x614 - pdb path: .;C:\Users\PCC\AppData\Local\Programs\Eclipse Adoptium\jdk-17.0.10.7-hotspot\bin;C:\WINDOWS\SYSTEM32;C:\WINDOWS\WinSxS\amd64_microsoft.windows.common-controls_6595b64144ccf1df_6.0.22621.3672_none_2713b9d173822955;C:\Users\PCC\AppData\Local\Programs\Eclipse Adoptium\jdk-17.0.10.7-hotspot\bin\server;C:\Users\PCC\AppData\Local\Temp\lwjgl_PCC\3.3.4+7\x64;C:\WINDOWS\System32\DriverStore\FileRepository\iigd_dch.inf_amd64_da775d7ecf291310

VM Arguments:
jvm_args: -Dfile.encoding=windows-1252 -Duser.country=US -Duser.language=en -Duser.variant 
java_command: Main
java_class_path (initial): C:\Users\PCC\Desktop\CODING FILES\Programming Projects\Large-Projects\Java\MarioProject\build\classes\java\main;C:\Users\PCC\Desktop\CODING FILES\Programming Projects\Large-Projects\Java\MarioProject\build\resources\main;C:\Users\PCC\.gradle\caches\modules-2\files-2.1\org.lwjgl\lwjgl-assimp\3.3.4\4651577de25afb21511c4b39e1ee3002ab1cad5d\lwjgl-assimp-3.3.4.jar;C:\Users\PCC\.gradle\caches\modules-2\files-2.1\org.lwjgl\lwjgl-assimp\3.3.4\65a7534e8a97b340c5e9716e15339b2b8964d656\lwjgl-assimp-3.3.4-natives-windows.jar;C:\Users\PCC\.gradle\caches\modules-2\files-2.1\org.lwjgl\lwjgl-glfw\3.3.4\7e46ecdec85db8738053cfde1414352cd62dab74\lwjgl-glfw-3.3.4.jar;C:\Users\PCC\.gradle\caches\modules-2\files-2.1\org.lwjgl\lwjgl-glfw\3.3.4\370ef92d15819a123c643dd2b0fc3a2d40bb263c\lwjgl-glfw-3.3.4-natives-windows.jar;C:\Users\PCC\.gradle\caches\modules-2\files-2.1\org.lwjgl\lwjgl-nfd\3.3.4\176827b812b331189e36d4879926f50f4fc37b50\lwjgl-nfd-3.3.4.jar;C:\Users\PCC\.gradle\caches\modules-2\files-2.1\org.lwjgl\lwjgl-nfd\3.3.4\f67e276de66b5666322c6cbc7772786de99634bf\lwjgl-nfd-3.3.4-natives-windows.jar;C:\Users\PCC\.gradle\caches\modules-2\files-2.1\org.lwjgl\lwjgl-openal\3.3.4\9b74d3ea380c83353d42af43ad9659e04dabe84a\lwjgl-openal-3.3.4.jar;C:\Users\PCC\.gradle\caches\modules-2\files-2.1\org.lwjgl\lwjgl-openal\3.3.4\c4de8af803aacda71044418095a71cd63b569a15\lwjgl-openal-3.3.4-natives-windows.jar;C:\Users\PCC\.gradle\caches\modules-2\files-2.1\org.lwjgl\lwjgl-opengl\3.3.4\2852ac7d9f6fc71349f1ce28e2708ff1977f18af\lwjgl-opengl-3.3.4.jar;C:\Users\PCC\.gradle\caches\modules-2\files-2.1\org.lwjgl\lwjgl-opengl\3.3.4\f7ca4e75573a9ce83075bd86bc8a3e49ff106696\lwjgl-opengl-3.3.4-natives-windows.jar;C:\Users\PCC\.gradle\caches\modules-2\files-2.1\org.lwjgl\lwjgl-stb\3.3.4\5821735d5ef23f6da8542887344e57eb181b7cac\lwjgl-stb-3.3.4.jar;C:\Users\PCC\.gradle\caches\modules-2\files-2.1\org.lwjgl\lwjgl-stb\3.3.4\8310e565463ec8d369528e8b26a9b1518d079a01\lwjgl-stb-3.3.4-natives-window
Launcher Type: SUN_STANDARD

[Global flags]
     intx CICompilerCount                          = 4                                         {product} {ergonomic}
     uint ConcGCThreads                            = 2                                         {product} {ergonomic}
     uint G1ConcRefinementThreads                  = 8                                         {product} {ergonomic}
   size_t G1HeapRegionSize                         = 1048576                                   {product} {ergonomic}
    uintx GCDrainStackTargetSize                   = 64                                        {product} {ergonomic}
   size_t InitialHeapSize                          = 130023424                                 {product} {ergonomic}
   size_t MarkStackSize                            = 4194304                                   {product} {ergonomic}
   size_t MaxHeapSize                              = 2078277632                                {product} {ergonomic}
   size_t MaxNewSize                               = 1246756864                                {product} {ergonomic}
   size_t MinHeapDeltaBytes                        = 1048576                                   {product} {ergonomic}
   size_t MinHeapSize                              = 8388608                                   {product} {ergonomic}
    uintx NonNMethodCodeHeapSize                   = 5839372                                {pd product} {ergonomic}
    uintx NonProfiledCodeHeapSize                  = 122909434                              {pd product} {ergonomic}
    uintx ProfiledCodeHeapSize                     = 122909434                              {pd product} {ergonomic}
    uintx ReservedCodeCacheSize                    = 251658240                              {pd product} {ergonomic}
     bool SegmentedCodeCache                       = true                                      {product} {ergonomic}
   size_t SoftMaxHeapSize                          = 2078277632                             {manageable} {ergonomic}
     bool UseCompressedClassPointers               = true                           {product lp64_product} {ergonomic}
     bool UseCompressedOops                        = true                           {product lp64_product} {ergonomic}
     bool UseG1GC                                  = true                                      {product} {ergonomic}
     bool UseLargePagesIndividualAllocation        = false                                  {pd product} {ergonomic}

Logging:
Log output configuration:
 #0: stdout all=warning uptime,level,tags
 #1: stderr all=off uptime,level,tags

Environment Variables:
JAVA_HOME=C:\Users\PCC\AppData\Local\Programs\Eclipse Adoptium\jdk-17.0.10.7-hotspot\
PATH=C:\WINDOWS\system32;C:\WINDOWS;C:\WINDOWS\System32\Wbem;C:\WINDOWS\System32\WindowsPowerShell\v1.0\;C:\WINDOWS\System32\OpenSSH\;C:\Program Files\Git\cmd;C:\Program Files\nodejs\;C:\Program Files\dotnet\;C:\Users\PCC\AppData\Local\Programs\Eclipse Adoptium\jdk-17.0.10.7-hotspot\bin;C:\Users\PCC\AppData\Local\Microsoft\WindowsApps;C:\Users\PCC\AppData\Local\Programs\Microsoft VS Code\bin;C:\msys64\mingw64\bin;C:\Users\PCC\AppData\Roaming\npm;C:\Users\PCC\.dotnet\tools
USERNAME=PCC
OS=Windows_NT
PROCESSOR_IDENTIFIER=Intel64 Family 6 Model 140 Stepping 1, GenuineIntel
TMP=C:\Users\PCC\AppData\Local\Temp
TEMP=C:\Users\PCC\AppData\Local\Temp



Periodic native trim disabled


---------------  S Y S T E M  ---------------

OS:
 Windows 11 , 64 bit Build 22621 (10.0.22621.3958)
OS uptime: 1 days 2:41 hours
Hyper-V role detected

CPU: total 8 (initial active 8) (4 cores per cpu, 2 threads per core) family 6 model 140 stepping 1 microcode 0xb6, cx8, cmov, fxsr, ht, mmx, 3dnowpref, sse, sse2, sse3, ssse3, sse4.1, sse4.2, popcnt, lzcnt, tsc, tscinvbit, avx, avx2, aes, erms, clmul, bmi1, bmi2, adx, avx512f, avx512dq, avx512cd, avx512bw, avx512vl, sha, fma, vzeroupper, avx512_vpopcntdq, avx512_vpclmulqdq, avx512_vaes, avx512_vnni, clflush, clflushopt, clwb, avx512_vbmi2, avx512_vbmi, hv
Processor Information for all 8 processors :
  Max Mhz: 2419, Current Mhz: 2419, Mhz Limit: 2419

Memory: 4k page, system-wide physical 7920M (458M free)
TotalPageFile size 15856M (AvailPageFile size 5736M)
current process WorkingSet (physical memory assigned to process): 122M, peak: 122M
current process commit charge ("private bytes"): 237M, peak: 237M

vm_info: OpenJDK 64-Bit Server VM (17.0.10+7) for windows-amd64 JRE (17.0.10+7), built on Jan 16 2024 23:25:11 by "admin" with MS VC++ 16.10 / 16.11 (VS2019)

END.
